SQLSTATE[HY000] [14] unable to open database fileSQLSTATE[HY000] [14] unable to open database fileSQLSTATE[HY000] [14] unable to open database fileSQLSTATE[HY000] [14] unable to open database fileSQLSTATE[HY000] [14] unable to open database fileSQLSTATE[HY000] [14] unable to open database file[2025-05-04 10:56:31] SQLSTATE[HY000]: General error: 1 no such column: r.id
[2025-05-04 10:56:33] SQLSTATE[HY000]: General error: 1 no such column: r.id
[2025-05-04 10:56:35] SQLSTATE[HY000]: General error: 1 no such column: r.id
[2025-05-04 10:56:48] SQLSTATE[HY000]: General error: 1 no such column: r.id
[2025-05-04 14:18:40] SQLSTATE[HY000]: General error: 1 no such column: ubicacion
[2025-05-04 16:52:37] SQLSTATE[HY000]: General error: 1 no such column: u.rol
[2025-05-04 16:52:38] SQLSTATE[HY000]: General error: 1 no such column: u.rol
[2025-05-04 16:52:38] SQLSTATE[HY000]: General error: 1 no such column: u.rol
[2025-05-04 16:52:44] SQLSTATE[HY000]: General error: 1 no such column: u.rol
[2025-05-04 16:52:44] SQLSTATE[HY000]: General error: 1 no such column: u.rol
[2025-05-04 16:52:44] SQLSTATE[HY000]: General error: 1 no such column: u.rol
[2025-05-04 16:52:44] SQLSTATE[HY000]: General error: 1 no such column: u.rol
[2025-05-04 16:52:45] SQLSTATE[HY000]: General error: 1 no such column: u.rol
[2025-05-04 16:52:45] SQLSTATE[HY000]: General error: 1 no such column: u.rol
[2025-05-04 16:52:45] SQLSTATE[HY000]: General error: 1 no such column: u.rol
[2025-05-04 16:52:45] SQLSTATE[HY000]: General error: 1 no such column: u.rol
[2025-05-04 16:52:46] SQLSTATE[HY000]: General error: 1 no such column: u.rol
[2025-05-04 16:52:46] SQLSTATE[HY000]: General error: 1 no such column: u.rol
[2025-05-04 16:52:46] SQLSTATE[HY000]: General error: 1 no such column: u.rol
[2025-05-04 16:52:46] SQLSTATE[HY000]: General error: 1 no such column: u.rol
[2025-05-04 16:52:47] SQLSTATE[HY000]: General error: 1 no such column: u.rol
[2025-05-04 16:52:47] SQLSTATE[HY000]: General error: 1 no such column: u.rol
[2025-05-04 16:52:47] SQLSTATE[HY000]: General error: 1 no such column: u.rol
[2025-05-04 16:52:48] SQLSTATE[HY000]: General error: 1 no such column: u.rol
[2025-05-04 16:52:48] SQLSTATE[HY000]: General error: 1 no such column: u.rol
[2025-05-04 16:52:49] SQLSTATE[HY000]: General error: 1 no such column: u.rol
[2025-05-04 16:52:52] SQLSTATE[HY000]: General error: 1 no such column: u.rol
[2025-05-04 16:52:52] SQLSTATE[HY000]: General error: 1 no such column: u.rol
[2025-05-04 16:52:52] SQLSTATE[HY000]: General error: 1 no such column: u.rol
[2025-05-04 17:44:25] SQLSTATE[HY000]: General error: 1 no such column: nombre
[2025-05-04 17:44:26] SQLSTATE[HY000]: General error: 1 no such column: nombre
[2025-05-04 17:44:31] SQLSTATE[HY000]: General error: 1 no such column: nombre
[2025-05-05 17:25:00] SQLSTATE[23000]: Integrity constraint violation: 19 NOT NULL constraint failed: AcademiaUsuarios.idUsuario
