[2025-05-04 12:34:56][::1][af][FAIL] Usuario no encontrado
[2025-05-04 12:35:03][::1][miguifer][SUCCESS] Login correcto
[2025-05-04 12:35:29][::1][adad][FAIL] Usuario no encontrado
[2025-05-04 12:36:04][::1][miguifer][SUCCESS] Login correcto
[2025-05-04 12:36:08][::1][miguifer][SUCCESS] Cierre de sesión
[2025-05-04 12:36:17][::1][miguifer][SUCCESS] Login correcto
[2025-05-04 13:35:50][::1][miguifer][SUCCESS] Cierre de sesión
[2025-05-04 13:35:57][::1][gerente1][SUCCESS] Login correcto
[2025-05-04 13:38:24][::1][gerente1][SUCCESS] Cierre de sesión
[2025-05-04 13:38:31][::1][miguifer][SUCCESS] Login correcto
[2025-05-04 13:46:53][::1][miguifer][SUCCESS] Cierre de sesión
[2025-05-04 13:46:58][::1][admin][SUCCESS] Login correcto
[2025-05-04 13:48:54][::1][admin][SUCCESS] Cierre de sesión
[2025-05-04 13:49:00][::1][miguifer][FAIL] Credenciales incorrectas
[2025-05-04 13:49:04][::1][miguifer][SUCCESS] Login correcto
[2025-05-04 13:49:16][::1][miguifer][SUCCESS] Cierre de sesión
[2025-05-04 13:49:22][::1][admin][SUCCESS] Login correcto
[2025-05-04 13:52:17][::1][admin][SUCCESS] Cierre de sesión
[2025-05-04 13:52:22][::1][miguifer][SUCCESS] Login correcto
[2025-05-04 13:56:57][::1][miguifer][SUCCESS] Cierre de sesión
[2025-05-04 13:56:57][::1][][SUCCESS] Cierre de sesión
[2025-05-04 13:57:02][::1][admin][SUCCESS] Login correcto
[2025-05-04 14:02:41][::1][admin][SUCCESS] Cierre de sesión
[2025-05-04 14:02:41][::1][][SUCCESS] Cierre de sesión
[2025-05-04 14:02:47][::1][admin][SUCCESS] Login correcto
[2025-05-04 14:02:49][::1][admin][SUCCESS] Cierre de sesión
[2025-05-04 14:02:55][::1][miguifer][SUCCESS] Login correcto
[2025-05-04 14:08:40][::1][miguifer][SUCCESS] Cierre de sesión
[2025-05-04 14:08:47][::1][gerente1][SUCCESS] Login correcto
[2025-05-04 16:05:29][::1][gerente1][SUCCESS] Cierre de sesión
[2025-05-04 16:05:34][::1][admin][SUCCESS] Login correcto
[2025-05-04 16:32:16][::1][admin][SUCCESS] Cierre de sesión
[2025-05-04 16:32:21][::1][miguifer][SUCCESS] Login correcto
[2025-05-04 16:37:44][::1][admin][SUCCESS] Login correcto
[2025-05-04 16:54:12][::1][miguifer][SUCCESS] Cierre de sesión
[2025-05-04 16:54:18][::1][gerente1][SUCCESS] Login correcto
[2025-05-04 16:54:32][::1][gerente1][SUCCESS] Cierre de sesión
[2025-05-04 16:54:38][::1][miguifer][SUCCESS] Login correcto
[2025-05-04 17:02:46][::1][miguifer][SUCCESS] Cierre de sesión
[2025-05-04 17:02:52][::1][gerente1][SUCCESS] Login correcto
[2025-05-04 17:19:35][::1][gerente1][SUCCESS] Cierre de sesión
[2025-05-04 17:19:35][::1][][SUCCESS] Cierre de sesión
[2025-05-04 17:19:40][::1][miguifer][SUCCESS] Login correcto
[2025-05-04 17:29:01][::1][miguifer][SUCCESS] Cierre de sesión
[2025-05-04 17:29:14][::1][gerente1][SUCCESS] Login correcto
[2025-05-04 17:29:24][::1][gerente1][SUCCESS] Cierre de sesión
[2025-05-04 17:29:29][::1][miguifer][SUCCESS] Login correcto
[2025-05-04 17:32:57][::1][miguifer][SUCCESS] Cierre de sesión
[2025-05-04 17:33:05][::1][gerente1][SUCCESS] Login correcto
[2025-05-04 17:39:12][::1][gerente1][SUCCESS] Cierre de sesión
[2025-05-04 17:39:17][::1][admin][FAIL] Credenciales incorrectas
[2025-05-04 17:39:22][::1][admin][SUCCESS] Login correcto
[2025-05-04 17:40:25][::1][admin][SUCCESS] Cierre de sesión
[2025-05-04 17:40:31][::1][miguifer][SUCCESS] Login correcto
[2025-05-04 18:20:05][::1][admin][FAIL] Credenciales incorrectas
[2025-05-04 18:20:09][::1][admin][SUCCESS] Login correcto
[2025-05-04 18:35:33][::1][admin][SUCCESS] Cierre de sesión
[2025-05-04 18:39:25][::1][miguifer][SUCCESS] Login correcto
[2025-05-04 19:20:10][::1][miguifer][SUCCESS] Cierre de sesión
[2025-05-04 19:20:17][::1][admin][SUCCESS] Login correcto
[2025-05-04 19:20:53][::1][admin][SUCCESS] Cierre de sesión
[2025-05-04 19:20:58][::1][miguifer][SUCCESS] Login correcto
[2025-05-04 20:00:56][::1][miguifer][SUCCESS] Cierre de sesión
[2025-05-04 20:01:02][::1][miguifer][SUCCESS] Login correcto
[2025-05-04 20:43:49][::1][miguifer][SUCCESS] Cierre de sesión
[2025-05-04 20:43:55][::1][admin][SUCCESS] Login correcto
[2025-05-05 13:49:26][::1][admin][SUCCESS] Login correcto
[2025-05-05 16:27:27][::1][admin][FAIL] Credenciales incorrectas
[2025-05-05 16:27:32][::1][admin][SUCCESS] Login correcto
[2025-05-05 16:28:37][::1][admin][SUCCESS] Cierre de sesión
[2025-05-05 16:28:44][::1][miguifer][SUCCESS] Login correcto
[2025-05-05 16:36:53][::1][miguifer][SUCCESS] Cierre de sesión
[2025-05-05 16:36:57][::1][admin][SUCCESS] Login correcto
[2025-05-05 16:37:23][::1][admin][SUCCESS] Cierre de sesión
[2025-05-05 16:37:34][::1][gerente1][SUCCESS] Login correcto
[2025-05-05 16:44:19][::1][gerente1][SUCCESS] Cierre de sesión
[2025-05-05 16:44:28][::1][gerente1][SUCCESS] Login correcto
[2025-05-05 17:20:02][::1][gerente1][SUCCESS] Cierre de sesión
[2025-05-05 17:20:10][::1][gerente][FAIL] Usuario no encontrado
[2025-05-05 17:20:15][::1][gerente1][SUCCESS] Login correcto
[2025-05-05 17:21:19][::1][gerente1][SUCCESS] Cierre de sesión
[2025-05-05 17:21:24][::1][miguifer][SUCCESS] Login correcto
[2025-05-05 17:21:30][::1][miguifer][SUCCESS] Cierre de sesión
[2025-05-05 17:21:36][::1][gerente1][SUCCESS] Login correcto
[2025-05-05 18:45:18][::1][gerente1][SUCCESS] Cierre de sesión
[2025-05-05 18:45:23][::1][miguifer][SUCCESS] Login correcto
[2025-05-05 18:47:50][::1][miguifer][SUCCESS] Cierre de sesión
[2025-05-05 18:47:57][::1][gerente1][SUCCESS] Login correcto
[2025-05-05 18:48:15][::1][gerente1][SUCCESS] Cierre de sesión
[2025-05-05 18:48:21][::1][gerente2][SUCCESS] Login correcto
[2025-05-05 18:48:31][::1][gerente2][SUCCESS] Cierre de sesión
[2025-05-05 18:48:36][::1][gerente1][SUCCESS] Login correcto
[2025-05-05 18:58:24][::1][gerente1][SUCCESS] Cierre de sesión
[2025-05-05 18:58:30][::1][admin][SUCCESS] Login correcto
[2025-05-05 18:58:48][::1][admin][SUCCESS] Cierre de sesión
[2025-05-05 18:58:54][::1][gerente1][SUCCESS] Login correcto
[2025-05-05 19:00:50][::1][gerente1][SUCCESS] Cierre de sesión
[2025-05-05 19:00:55][::1][admin][SUCCESS] Login correcto
[2025-05-05 19:13:46][::1][admin][SUCCESS] Cierre de sesión
[2025-05-05 19:13:53][::1][geren][FAIL] Campos obligatorios vacíos
[2025-05-05 19:13:58][::1][gerente1][SUCCESS] Login correcto
[2025-05-05 19:14:05][::1][gerente1][SUCCESS] Cierre de sesión
[2025-05-05 19:14:10][::1][admin][SUCCESS] Login correcto
[2025-05-05 19:14:26][::1][admin][SUCCESS] Cierre de sesión
[2025-05-05 19:14:33][::1][gerente1][SUCCESS] Login correcto
[2025-05-05 19:15:13][::1][gerente1][SUCCESS] Cierre de sesión
[2025-05-05 19:15:21][::1][admini][FAIL] Usuario no encontrado
[2025-05-05 19:15:25][::1][admin][SUCCESS] Login correcto
[2025-05-05 19:15:38][::1][admin][SUCCESS] Cierre de sesión
[2025-05-05 19:15:44][::1][gerente1][SUCCESS] Login correcto
[2025-05-05 19:15:53][::1][gerente1][SUCCESS] Cierre de sesión
[2025-05-05 19:15:58][::1][admin][SUCCESS] Login correcto
[2025-05-05 19:16:54][::1][admin][SUCCESS] Cierre de sesión
[2025-05-05 19:17:01][::1][gerente1][SUCCESS] Login correcto
[2025-05-05 19:17:15][::1][gerente1][SUCCESS] Cierre de sesión
[2025-05-05 19:17:20][::1][admin][SUCCESS] Login correcto
[2025-05-05 19:17:30][::1][admin][SUCCESS] Cierre de sesión
[2025-05-05 19:17:36][::1][gerente1][SUCCESS] Login correcto
[2025-05-05 19:23:10][::1][gerente1][SUCCESS] Cierre de sesión
[2025-05-05 19:23:15][::1][miguifer][SUCCESS] Login correcto
[2025-05-05 19:23:28][::1][miguifer][SUCCESS] Cierre de sesión
[2025-05-05 19:23:33][::1][admin][SUCCESS] Login correcto
[2025-05-05 19:23:41][::1][admin][SUCCESS] Cierre de sesión
[2025-05-05 19:23:45][::1][miguifer][SUCCESS] Login correcto
[2025-05-06 14:26:08][::1][admin][SUCCESS] Login correcto
[2025-05-06 14:26:39][::1][admin][SUCCESS] Cierre de sesión
[2025-05-06 14:26:47][::1][gerente1][SUCCESS] Login correcto
[2025-05-06 14:43:59][::1][gerente1][SUCCESS] Cierre de sesión
[2025-05-06 14:44:06][::1][gerente3][SUCCESS] Login correcto
[2025-05-06 14:44:11][::1][gerente3][SUCCESS] Cierre de sesión
[2025-05-06 14:44:12][::1][][SUCCESS] Cierre de sesión
[2025-05-06 14:44:17][::1][gerente1][SUCCESS] Login correcto
[2025-05-06 14:46:05][::1][gerente1][SUCCESS] Cierre de sesión
[2025-05-06 14:46:13][::1][gerente3][SUCCESS] Login correcto
[2025-05-06 14:46:18][::1][gerente3][SUCCESS] Cierre de sesión
[2025-05-06 14:46:24][::1][gerente4][SUCCESS] Login correcto
[2025-05-06 14:46:28][::1][gerente4][SUCCESS] Cierre de sesión
[2025-05-06 14:46:33][::1][gerente1][SUCCESS] Login correcto
[2025-05-06 14:48:37][::1][gerente1][SUCCESS] Cierre de sesión
[2025-05-06 14:48:44][::1][gerente2][SUCCESS] Login correcto
[2025-05-06 14:49:10][::1][gerente2][SUCCESS] Cierre de sesión
[2025-05-06 14:49:23][::1][gerente6][SUCCESS] Login correcto
